#
# There is insufficient memory for the Java Runtime Environment to continue.
# Native memory allocation (mmap) failed to map 266338304 bytes for Failed to commit area from 0x0000000703c00000 to 0x0000000713a00000 of length 266338304.
# Possible reasons:
#   The system is out of physical RAM or swap space
#   The process is running with CompressedOops enabled, and the Java Heap may be blocking the growth of the native heap
# Possible solutions:
#   Reduce memory load on the system
#   Increase physical memory or swap space
#   Check if swap backing store is full
#   Decrease Java heap size (-Xmx/-Xms)
#   Decrease number of Java threads
#   Decrease Java thread stack sizes (-Xss)
#   Set larger code cache with -XX:ReservedCodeCacheSize=
# This output file may be truncated or incomplete.
#
#  Out of Memory Error (./src/hotspot/os/windows/os_windows.cpp:3303), pid=30588, tid=23604
#
# JRE version:  (11.0.8+10) (build )
# Java VM: OpenJDK 64-Bit Server VM (11.0.8+10-b944.6842174, mixed mode, sharing, tiered, compressed oops, g1 gc, windows-amd64)
# No core dump will be written. Minidumps are not enabled by default on client versions of Windows
#

---------------  S U M M A R Y ------------

Command Line: -Dorg.gradle.appname=gradlew org.gradle.wrapper.GradleWrapperMain -q -Ptarget-platform=android-arm64 -Ptarget=D:\workspace\m_opusb\msig\lib\main.dart -Pbase-application-name=android.app.Application -Pdart-defines=RkxVVFRFUl9XRUJfQVVUT19ERVRFQ1Q9dHJ1ZQ== -Pdart-obfuscation=false -Ptrack-widget-creation=true -Ptree-shake-icons=false -Pfilesystem-scheme=org-dartlang-root assembleDebug

Host: Intel(R) Core(TM) i7-8550U CPU @ 1.80GHz, 8 cores, 15G,  Windows 10 , 64 bit Build 18362 (10.0.18362.1110)
Time: Tue Feb  7 13:25:37 2023 SE Asia Standard Time elapsed time: 0 seconds (0d 0h 0m 0s)

---------------  T H R E A D  ---------------

Current thread (0x000001ba4083c800):  JavaThread "Unknown thread" [_thread_in_vm, id=23604, stack(0x0000005237800000,0x0000005237900000)]

Stack: [0x0000005237800000,0x0000005237900000]
Native frames: (J=compiled Java code, j=interpreted, Vv=VM code, C=native code)
V  [jvm.dll+0x5de50a]
V  [jvm.dll+0x7122f5]
V  [jvm.dll+0x71384d]
V  [jvm.dll+0x713f03]
V  [jvm.dll+0x23e728]
V  [jvm.dll+0x5db9a4]
V  [jvm.dll+0x5d0ae5]
V  [jvm.dll+0x2fb20b]
V  [jvm.dll+0x2fb17a]
V  [jvm.dll+0x2fb052]
V  [jvm.dll+0x2fff16]
V  [jvm.dll+0x348743]
V  [jvm.dll+0x348e46]
V  [jvm.dll+0x348843]
V  [jvm.dll+0x2d5d68]
V  [jvm.dll+0x2d6f07]
V  [jvm.dll+0x6f11f7]
V  [jvm.dll+0x6f29ec]
V  [jvm.dll+0x355cb9]
V  [jvm.dll+0x6d4ade]
V  [jvm.dll+0x3bdfe3]
V  [jvm.dll+0x3c0201]
C  [jli.dll+0x5373]
C  [ucrtbase.dll+0x210b2]
C  [KERNEL32.DLL+0x17c24]
C  [ntdll.dll+0x6d4d1]


---------------  P R O C E S S  ---------------

Threads class SMR info:
_java_thread_list=0x000001ba3e6c4120, length=0, elements={
}

Java Threads: ( => current thread )

Other Threads:
  0x000001ba40854800 GCTaskThread "GC Thread#0" [stack: 0x0000005237900000,0x0000005237a00000] [id=31316]
  0x000001ba408b3000 ConcurrentGCThread "G1 Main Marker" [stack: 0x0000005237a00000,0x0000005237b00000] [id=20068]
  0x000001ba408b5000 ConcurrentGCThread "G1 Conc#0" [stack: 0x0000005237b00000,0x0000005237c00000] [id=8976]

[error occurred during error reporting (printing all threads), id 0xc0000005, EXCEPTION_ACCESS_VIOLATION (0xc0000005) at pc=0x00007ffac93a6357]

VM state:not at safepoint (not fully initialized)

VM Mutex/Monitor currently owned by a thread:  ([mutex/lock_event])
[0x000001ba40839d30] Heap_lock - owner thread: 0x000001ba4083c800

Heap address: 0x0000000703c00000, size: 4036 MB, Compressed Oops mode: Non-zero based: 0x0000000703c00000
Narrow klass base: 0x0000000000000000, Narrow klass shift: 0

GC Heap History (0 events):
No events

Deoptimization events (0 events):
No events

Classes redefined (0 events):
No events

Internal exceptions (0 events):
No events

Events (1 events):
Event: 0.018 Loaded shared library D:\ProgFiles\jre\bin\zip.dll


Dynamic libraries:
0x00007ff7f6050000 - 0x00007ff7f605a000 	D:\ProgFiles\jre\bin\java.exe
0x00007ffb4b900000 - 0x00007ffb4baf0000 	C:\Windows\SYSTEM32\ntdll.dll
0x00007ffb4ad70000 - 0x00007ffb4ae22000 	C:\Windows\System32\KERNEL32.DLL
0x00007ffb49550000 - 0x00007ffb497f5000 	C:\Windows\System32\KERNELBASE.dll
0x00007ffb48850000 - 0x00007ffb4894a000 	C:\Windows\System32\ucrtbase.dll
0x00007ffb1ae40000 - 0x00007ffb1ae59000 	D:\ProgFiles\jre\bin\jli.dll
0x00007ffb2e100000 - 0x00007ffb2e117000 	D:\ProgFiles\jre\bin\VCRUNTIME140.dll
0x00007ffb4b620000 - 0x00007ffb4b7b4000 	C:\Windows\System32\USER32.dll
0x00007ffb494c0000 - 0x00007ffb494e1000 	C:\Windows\System32\win32u.dll
0x00007ffb4a2e0000 - 0x00007ffb4a306000 	C:\Windows\System32\GDI32.dll
0x00007ffb2f0d0000 - 0x00007ffb2f354000 	C:\Windows\WinSxS\amd64_microsoft.windows.common-controls_6595b64144ccf1df_6.0.18362.1198_none_9e820b57e45ad92f\COMCTL32.dll
0x00007ffb49320000 - 0x00007ffb494b6000 	C:\Windows\System32\gdi32full.dll
0x00007ffb4a1e0000 - 0x00007ffb4a27e000 	C:\Windows\System32\msvcrt.dll
0x00007ffb491b0000 - 0x00007ffb4924e000 	C:\Windows\System32\msvcp_win.dll
0x00007ffb49d80000 - 0x00007ffb4a0b5000 	C:\Windows\System32\combase.dll
0x00007ffb49c60000 - 0x00007ffb49d80000 	C:\Windows\System32\RPCRT4.dll
0x00007ffb48950000 - 0x00007ffb489d0000 	C:\Windows\System32\bcryptPrimitives.dll
0x00007ffb4b5f0000 - 0x00007ffb4b61e000 	C:\Windows\System32\IMM32.DLL
0x00007ffafb340000 - 0x00007ffafb3dd000 	D:\ProgFiles\jre\bin\msvcp140.dll
0x00007ffac90c0000 - 0x00007ffac9b7c000 	D:\ProgFiles\jre\bin\server\jvm.dll
0x00007ffb49b90000 - 0x00007ffb49c33000 	C:\Windows\System32\ADVAPI32.dll
0x00007ffb4b360000 - 0x00007ffb4b3f7000 	C:\Windows\System32\sechost.dll
0x00007ffb4b5e0000 - 0x00007ffb4b5e8000 	C:\Windows\System32\PSAPI.DLL
0x00007ffb32f20000 - 0x00007ffb32f29000 	C:\Windows\SYSTEM32\WSOCK32.dll
0x00007ffb430d0000 - 0x00007ffb430da000 	C:\Windows\SYSTEM32\VERSION.dll
0x00007ffb4b400000 - 0x00007ffb4b46f000 	C:\Windows\System32\WS2_32.dll
0x00007ffb465a0000 - 0x00007ffb465c4000 	C:\Windows\SYSTEM32\WINMM.dll
0x00007ffb46570000 - 0x00007ffb4659d000 	C:\Windows\SYSTEM32\WINMMBASE.dll
0x00007ffb49160000 - 0x00007ffb491aa000 	C:\Windows\System32\cfgmgr32.dll
0x00007ffb48810000 - 0x00007ffb48821000 	C:\Windows\System32\kernel.appcore.dll
0x00007ffb1a3f0000 - 0x00007ffb1a401000 	D:\ProgFiles\jre\bin\verify.dll
0x00007ffb47070000 - 0x00007ffb47264000 	C:\Windows\SYSTEM32\DBGHELP.DLL
0x00007ffb2e6f0000 - 0x00007ffb2e71a000 	C:\Windows\SYSTEM32\dbgcore.DLL
0x00007ffb0f440000 - 0x00007ffb0f469000 	D:\ProgFiles\jre\bin\java.dll
0x00007ffb3e3e0000 - 0x00007ffb3e3eb000 	D:\ProgFiles\jre\bin\jimage.dll
0x00007ffb0f420000 - 0x00007ffb0f438000 	D:\ProgFiles\jre\bin\zip.dll

dbghelp: loaded successfully - version: 4.0.5 - missing functions: none
symbol engine: initialized successfully - sym options: 0x614 - pdb path: .;D:\ProgFiles\jre\bin;C:\Windows\SYSTEM32;C:\Windows\WinSxS\amd64_microsoft.windows.common-controls_6595b64144ccf1df_6.0.18362.1198_none_9e820b57e45ad92f;D:\ProgFiles\jre\bin\server

VM Arguments:
jvm_args: -Dorg.gradle.appname=gradlew 
java_command: org.gradle.wrapper.GradleWrapperMain -q -Ptarget-platform=android-arm64 -Ptarget=D:\workspace\m_opusb\msig\lib\main.dart -Pbase-application-name=android.app.Application -Pdart-defines=RkxVVFRFUl9XRUJfQVVUT19ERVRFQ1Q9dHJ1ZQ== -Pdart-obfuscation=false -Ptrack-widget-creation=true -Ptree-shake-icons=false -Pfilesystem-scheme=org-dartlang-root assembleDebug
java_class_path (initial): D:\workspace\m_opusb\msig\android\\gradle\wrapper\gradle-wrapper.jar
Launcher Type: SUN_STANDARD

[Global flags]
     intx CICompilerCount                          = 4                                         {product} {ergonomic}
     uint ConcGCThreads                            = 2                                         {product} {ergonomic}
     uint G1ConcRefinementThreads                  = 8                                         {product} {ergonomic}
   size_t G1HeapRegionSize                         = 1048576                                   {product} {ergonomic}
    uintx GCDrainStackTargetSize                   = 64                                        {product} {ergonomic}
   size_t InitialHeapSize                          = 266338304                                 {product} {ergonomic}
   size_t MarkStackSize                            = 4194304                                   {product} {ergonomic}
   size_t MaxHeapSize                              = 4232052736                                {product} {ergonomic}
   size_t MinHeapDeltaBytes                        = 1048576                                   {product} {ergonomic}
    uintx NonNMethodCodeHeapSize                   = 5836300                                {pd product} {ergonomic}
    uintx NonProfiledCodeHeapSize                  = 122910970                              {pd product} {ergonomic}
    uintx ProfiledCodeHeapSize                     = 122910970                              {pd product} {ergonomic}
    uintx ReservedCodeCacheSize                    = 251658240                              {pd product} {ergonomic}
     bool SegmentedCodeCache                       = true                                      {product} {ergonomic}
     bool UseCompressedClassPointers               = true                                 {lp64_product} {ergonomic}
     bool UseCompressedOops                        = true                                 {lp64_product} {ergonomic}
     bool UseG1GC                                  = true                                      {product} {ergonomic}
     bool UseLargePagesIndividualAllocation        = false                                  {pd product} {ergonomic}

Logging:
Log output configuration:
 #0: stdout all=warning uptime,level,tags
 #1: stderr all=off uptime,level,tags

Environment Variables:
JAVA_HOME=D:\ProgFiles\jre
CLASSPATH=D:\workspace\m_opusb\msig\android\\gradle\wrapper\gradle-wrapper.jar
PATH=C:\Windows\system32;C:\Windows;C:\Windows\System32\Wbem;C:\Windows\System32\WindowsPowerShell\v1.0\;C:\Windows\System32\OpenSSH\;C:\Program Files (x86)\Webex\Plugins;C:\Windows\System32;C:\Program Files\Git\cmd;C:\Program Files\Java\jdk1.8.0_271\bin;C:\Program Files\Java\jre1.8.0_271\bin;C:\Program Files (x86)\GitExtensions\;C:\Program Files\nodejs\;D:\Android\Sdk\platform-tools;C:\Users\nurul.amalin\AppData\Roaming\npm;C:\ProgramData\chocolatey\bin;C:\Program Files (x86)\Yarn\bin\;C:\Program Files\Microsoft SQL Server\Client SDK\ODBC\170\Tools\Binn\;C:\Program Files (x86)\Microsoft SQL Server\150\Tools\Binn\;C:\Program Files\Microsoft SQL Server\150\Tools\Binn\;C:\Program Files\Microsoft SQL Server\150\DTS\Binn\;C:\Program Files\Microsoft SQL Server\130\Tools\Binn\;D:\flutter2\flutter\bin;C:\Program Files (x86)\bundletool-1.8.2;C:\Program Files (x86)\Microsoft SQL Server\150\DTS\Binn\;C:\Program Files\dotnet\;C:\Program Files (x86)\Intel\Intel(R) Management Engine Components\DAL;C:\Program Files\Intel\Intel(R) Management Engine Components\DAL;C:\Users\nurul.amalin\AppData\Local\Microsoft\WindowsApps;C:\Users\nurul.amalin\AppData\Roaming\npm;C:\Users\nurul.amalin\AppData\Local\Yarn\bin;C:\Program Files\Azure Data Studio\bin;C:\Users\nurul.amalin\AppData\Local\GitHubDesktop\bin;C:\Users\nurul.amalin\AppData\Local\Programs\Microsoft VS Code\bin;D:\flutter2\flutter\bin\mingit\cmd
USERNAME=nurul.amalin
OS=Windows_NT
PROCESSOR_IDENTIFIER=Intel64 Family 6 Model 142 Stepping 10, GenuineIntel



---------------  S Y S T E M  ---------------

OS: Windows 10 , 64 bit Build 18362 (10.0.18362.1110)
OS uptime: 4 days 19:16 hours

CPU:total 8 (initial active 8) (4 cores per cpu, 2 threads per core) family 6 model 142 stepping 10, cmov, cx8, fxsr, mmx, sse, sse2, sse3, ssse3, sse4.1, sse4.2, popcnt, avx, avx2, aes, clmul, erms, 3dnowpref, lzcnt, ht, tsc, tscinvbit, bmi1, bmi2, adx, fma

Memory: 4k page, system-wide physical 16140M (1856M free)
TotalPageFile size 41740M (AvailPageFile size 252M)
current process WorkingSet (physical memory assigned to process): 10M, peak: 10M
current process commit charge ("private bytes"): 60M, peak: 314M

vm_info: OpenJDK 64-Bit Server VM (11.0.8+10-b944.6842174) for windows-amd64 JRE (11.0.8+10-b944.6842174), built on Sep 19 2020 01:11:42 by "builder" with MS VC++ 14.0 (VS2015)

END.
